<?xml version="1.0" encoding="UTF-8"?>
<testsuite xmlns:xsi="http://www.w3.org/2001/XMLSchema-instance" xsi:noNamespaceSchemaLocation="https://maven.apache.org/surefire/maven-surefire-plugin/xsd/surefire-test-report-3.0.xsd" version="3.0" name="io.javabrains.MathUtilsTest" time="0.067" tests="6" errors="0" skipped="0" failures="0">
  <properties>
[...]
</properties>
  <testcase name="testMultiply2" classname="io.javabrains.MathUtilsTest" time="0.023">
    <system-out><![CDATA[Cleaning up...
]]></system-out>
  </testcase>
  <testcase name="testMultiplyFunction" classname="io.javabrains.MathUtilsTest" time="0.001">
    <system-out><![CDATA[Cleaning up...
]]></system-out>
  </testcase>
  <testcase name="test1" classname="io.javabrains.MathUtilsTest" time="0.001">
    <system-out><![CDATA[This test runs
Cleaning up...
]]></system-out>
  </testcase>
  <testcase name="test3" classname="io.javabrains.MathUtilsTest" time="0.002">
    <system-out><![CDATA[Cleaning up...
]]></system-out>
  </testcase>
  <testcase name="testDivide" classname="io.javabrains.MathUtilsTest" time="0.004">
    <system-out><![CDATA[Cleaning up...
]]></system-out>
  </testcase>
  <testcase name="testComputeCircleRadius" classname="io.javabrains.MathUtilsTest" time="0.005">
    <system-out><![CDATA[Cleaning up...
]]></system-out>
  </testcase>
</testsuite>